[[random permutaion test 1]]
generating 20 random permutations of 10 integers [0...9]
2	0	3	7	9	6	8	5	1	4	
0	3	9	8	4	5	1	6	2	7	
2	3	4	7	5	1	8	6	9	0	
8	9	0	6	3	7	5	1	4	2	
3	0	7	4	2	5	1	9	6	8	
3	8	0	1	9	6	4	5	2	7	
0	4	3	2	6	9	1	5	8	7	
4	9	5	6	0	8	1	3	7	2	
6	7	1	5	0	2	4	9	8	3	
1	3	5	8	2	7	4	9	6	0	
7	8	1	5	2	3	4	9	6	0	
3	4	6	9	1	8	0	7	5	2	
3	0	1	9	5	8	2	7	6	4	
1	6	8	7	0	5	9	4	3	2	
2	7	1	6	8	9	5	0	3	4	
4	1	7	9	3	8	6	2	5	0	
0	1	3	8	9	5	2	7	4	6	
8	4	6	2	0	1	3	5	7	9	
3	4	2	6	5	9	8	7	0	1	
6	1	2	8	9	0	4	5	3	7	

[[random permutaion test 2 (with restrictions)]]
generating 5 restricted random permutations
conf0	1	0	1	1	0	0	0	0	0	0
conf1	0	0	1	0	1	0	1	0	0	0
perm	4	8	2	6	9	3	5	0	7	1
check	0	0	0	0	0	0	0	0	0	0

conf0	1	1	1	1	0	0	1	1	1	0
conf1	0	1	1	1	0	1	0	1	1	1
perm	2	7	1	3	4	0	5	8	9	6
check	0	0	0	0	0	0	0	0	0	0

conf0	1	1	1	1	1	0	1	1	0	1
conf1	1	1	1	1	0	0	1	1	1	1
perm	7	3	6	2	1	5	8	0	4	9
check	0	0	0	0	0	0	0	0	0	0

conf0	0	0	0	1	0	0	1	0	1	1
conf1	0	0	1	0	1	1	0	0	0	1
perm	1	0	6	4	8	7	2	3	9	5
check	0	0	0	0	0	0	0	0	0	0

conf0	0	1	0	0	1	1	1	1	1	1
conf1	0	1	1	1	0	0	1	1	1	1
perm	5	9	4	0	6	2	3	1	7	8
check	0	0	0	0	0	0	0	0	0	0

