[test of simple_hypercubic_graph class]
dimension = 3
extent[0] = 4
extent[1] = 4
extent[2] = 8
<GRAPH name="simple hypercubic graph" dimension="3" vertices="128" edges="384">
  <VERTEX id="1" type="0"><COORDINATE>0 0 0</COORDINATE></VERTEX>
  <VERTEX id="2" type="0"><COORDINATE>1 0 0</COORDINATE></VERTEX>
  <VERTEX id="3" type="0"><COORDINATE>2 0 0</COORDINATE></VERTEX>
  <VERTEX id="4" type="0"><COORDINATE>3 0 0</COORDINATE></VERTEX>
  <VERTEX id="5" type="0"><COORDINATE>0 1 0</COORDINATE></VERTEX>
  <VERTEX id="6" type="0"><COORDINATE>1 1 0</COORDINATE></VERTEX>
  <VERTEX id="7" type="0"><COORDINATE>2 1 0</COORDINATE></VERTEX>
  <VERTEX id="8" type="0"><COORDINATE>3 1 0</COORDINATE></VERTEX>
  <VERTEX id="9" type="0"><COORDINATE>0 2 0</COORDINATE></VERTEX>
  <VERTEX id="10" type="0"><COORDINATE>1 2 0</COORDINATE></VERTEX>
  <VERTEX id="11" type="0"><COORDINATE>2 2 0</COORDINATE></VERTEX>
  <VERTEX id="12" type="0"><COORDINATE>3 2 0</COORDINATE></VERTEX>
  <VERTEX id="13" type="0"><COORDINATE>0 3 0</COORDINATE></VERTEX>
  <VERTEX id="14" type="0"><COORDINATE>1 3 0</COORDINATE></VERTEX>
  <VERTEX id="15" type="0"><COORDINATE>2 3 0</COORDINATE></VERTEX>
  <VERTEX id="16" type="0"><COORDINATE>3 3 0</COORDINATE></VERTEX>
  <VERTEX id="17" type="0"><COORDINATE>0 0 1</COORDINATE></VERTEX>
  <VERTEX id="18" type="0"><COORDINATE>1 0 1</COORDINATE></VERTEX>
  <VERTEX id="19" type="0"><COORDINATE>2 0 1</COORDINATE></VERTEX>
  <VERTEX id="20" type="0"><COORDINATE>3 0 1</COORDINATE></VERTEX>
  <VERTEX id="21" type="0"><COORDINATE>0 1 1</COORDINATE></VERTEX>
  <VERTEX id="22" type="0"><COORDINATE>1 1 1</COORDINATE></VERTEX>
  <VERTEX id="23" type="0"><COORDINATE>2 1 1</COORDINATE></VERTEX>
  <VERTEX id="24" type="0"><COORDINATE>3 1 1</COORDINATE></VERTEX>
  <VERTEX id="25" type="0"><COORDINATE>0 2 1</COORDINATE></VERTEX>
  <VERTEX id="26" type="0"><COORDINATE>1 2 1</COORDINATE></VERTEX>
  <VERTEX id="27" type="0"><COORDINATE>2 2 1</COORDINATE></VERTEX>
  <VERTEX id="28" type="0"><COORDINATE>3 2 1</COORDINATE></VERTEX>
  <VERTEX id="29" type="0"><COORDINATE>0 3 1</COORDINATE></VERTEX>
  <VERTEX id="30" type="0"><COORDINATE>1 3 1</COORDINATE></VERTEX>
  <VERTEX id="31" type="0"><COORDINATE>2 3 1</COORDINATE></VERTEX>
  <VERTEX id="32" type="0"><COORDINATE>3 3 1</COORDINATE></VERTEX>
  <VERTEX id="33" type="0"><COORDINATE>0 0 2</COORDINATE></VERTEX>
  <VERTEX id="34" type="0"><COORDINATE>1 0 2</COORDINATE></VERTEX>
  <VERTEX id="35" type="0"><COORDINATE>2 0 2</COORDINATE></VERTEX>
  <VERTEX id="36" type="0"><COORDINATE>3 0 2</COORDINATE></VERTEX>
  <VERTEX id="37" type="0"><COORDINATE>0 1 2</COORDINATE></VERTEX>
  <VERTEX id="38" type="0"><COORDINATE>1 1 2</COORDINATE></VERTEX>
  <VERTEX id="39" type="0"><COORDINATE>2 1 2</COORDINATE></VERTEX>
  <VERTEX id="40" type="0"><COORDINATE>3 1 2</COORDINATE></VERTEX>
  <VERTEX id="41" type="0"><COORDINATE>0 2 2</COORDINATE></VERTEX>
  <VERTEX id="42" type="0"><COORDINATE>1 2 2</COORDINATE></VERTEX>
  <VERTEX id="43" type="0"><COORDINATE>2 2 2</COORDINATE></VERTEX>
  <VERTEX id="44" type="0"><COORDINATE>3 2 2</COORDINATE></VERTEX>
  <VERTEX id="45" type="0"><COORDINATE>0 3 2</COORDINATE></VERTEX>
  <VERTEX id="46" type="0"><COORDINATE>1 3 2</COORDINATE></VERTEX>
  <VERTEX id="47" type="0"><COORDINATE>2 3 2</COORDINATE></VERTEX>
  <VERTEX id="48" type="0"><COORDINATE>3 3 2</COORDINATE></VERTEX>
  <VERTEX id="49" type="0"><COORDINATE>0 0 3</COORDINATE></VERTEX>
  <VERTEX id="50" type="0"><COORDINATE>1 0 3</COORDINATE></VERTEX>
  <VERTEX id="51" type="0"><COORDINATE>2 0 3</COORDINATE></VERTEX>
  <VERTEX id="52" type="0"><COORDINATE>3 0 3</COORDINATE></VERTEX>
  <VERTEX id="53" type="0"><COORDINATE>0 1 3</COORDINATE></VERTEX>
  <VERTEX id="54" type="0"><COORDINATE>1 1 3</COORDINATE></VERTEX>
  <VERTEX id="55" type="0"><COORDINATE>2 1 3</COORDINATE></VERTEX>
  <VERTEX id="56" type="0"><COORDINATE>3 1 3</COORDINATE></VERTEX>
  <VERTEX id="57" type="0"><COORDINATE>0 2 3</COORDINATE></VERTEX>
  <VERTEX id="58" type="0"><COORDINATE>1 2 3</COORDINATE></VERTEX>
  <VERTEX id="59" type="0"><COORDINATE>2 2 3</COORDINATE></VERTEX>
  <VERTEX id="60" type="0"><COORDINATE>3 2 3</COORDINATE></VERTEX>
  <VERTEX id="61" type="0"><COORDINATE>0 3 3</COORDINATE></VERTEX>
  <VERTEX id="62" type="0"><COORDINATE>1 3 3</COORDINATE></VERTEX>
  <VERTEX id="63" type="0"><COORDINATE>2 3 3</COORDINATE></VERTEX>
  <VERTEX id="64" type="0"><COORDINATE>3 3 3</COORDINATE></VERTEX>
  <VERTEX id="65" type="0"><COORDINATE>0 0 4</COORDINATE></VERTEX>
  <VERTEX id="66" type="0"><COORDINATE>1 0 4</COORDINATE></VERTEX>
  <VERTEX id="67" type="0"><COORDINATE>2 0 4</COORDINATE></VERTEX>
  <VERTEX id="68" type="0"><COORDINATE>3 0 4</COORDINATE></VERTEX>
  <VERTEX id="69" type="0"><COORDINATE>0 1 4</COORDINATE></VERTEX>
  <VERTEX id="70" type="0"><COORDINATE>1 1 4</COORDINATE></VERTEX>
  <VERTEX id="71" type="0"><COORDINATE>2 1 4</COORDINATE></VERTEX>
  <VERTEX id="72" type="0"><COORDINATE>3 1 4</COORDINATE></VERTEX>
  <VERTEX id="73" type="0"><COORDINATE>0 2 4</COORDINATE></VERTEX>
  <VERTEX id="74" type="0"><COORDINATE>1 2 4</COORDINATE></VERTEX>
  <VERTEX id="75" type="0"><COORDINATE>2 2 4</COORDINATE></VERTEX>
  <VERTEX id="76" type="0"><COORDINATE>3 2 4</COORDINATE></VERTEX>
  <VERTEX id="77" type="0"><COORDINATE>0 3 4</COORDINATE></VERTEX>
  <VERTEX id="78" type="0"><COORDINATE>1 3 4</COORDINATE></VERTEX>
  <VERTEX id="79" type="0"><COORDINATE>2 3 4</COORDINATE></VERTEX>
  <VERTEX id="80" type="0"><COORDINATE>3 3 4</COORDINATE></VERTEX>
  <VERTEX id="81" type="0"><COORDINATE>0 0 5</COORDINATE></VERTEX>
  <VERTEX id="82" type="0"><COORDINATE>1 0 5</COORDINATE></VERTEX>
  <VERTEX id="83" type="0"><COORDINATE>2 0 5</COORDINATE></VERTEX>
  <VERTEX id="84" type="0"><COORDINATE>3 0 5</COORDINATE></VERTEX>
  <VERTEX id="85" type="0"><COORDINATE>0 1 5</COORDINATE></VERTEX>
  <VERTEX id="86" type="0"><COORDINATE>1 1 5</COORDINATE></VERTEX>
  <VERTEX id="87" type="0"><COORDINATE>2 1 5</COORDINATE></VERTEX>
  <VERTEX id="88" type="0"><COORDINATE>3 1 5</COORDINATE></VERTEX>
  <VERTEX id="89" type="0"><COORDINATE>0 2 5</COORDINATE></VERTEX>
  <VERTEX id="90" type="0"><COORDINATE>1 2 5</COORDINATE></VERTEX>
  <VERTEX id="91" type="0"><COORDINATE>2 2 5</COORDINATE></VERTEX>
  <VERTEX id="92" type="0"><COORDINATE>3 2 5</COORDINATE></VERTEX>
  <VERTEX id="93" type="0"><COORDINATE>0 3 5</COORDINATE></VERTEX>
  <VERTEX id="94" type="0"><COORDINATE>1 3 5</COORDINATE></VERTEX>
  <VERTEX id="95" type="0"><COORDINATE>2 3 5</COORDINATE></VERTEX>
  <VERTEX id="96" type="0"><COORDINATE>3 3 5</COORDINATE></VERTEX>
  <VERTEX id="97" type="0"><COORDINATE>0 0 6</COORDINATE></VERTEX>
  <VERTEX id="98" type="0"><COORDINATE>1 0 6</COORDINATE></VERTEX>
  <VERTEX id="99" type="0"><COORDINATE>2 0 6</COORDINATE></VERTEX>
  <VERTEX id="100" type="0"><COORDINATE>3 0 6</COORDINATE></VERTEX>
  <VERTEX id="101" type="0"><COORDINATE>0 1 6</COORDINATE></VERTEX>
  <VERTEX id="102" type="0"><COORDINATE>1 1 6</COORDINATE></VERTEX>
  <VERTEX id="103" type="0"><COORDINATE>2 1 6</COORDINATE></VERTEX>
  <VERTEX id="104" type="0"><COORDINATE>3 1 6</COORDINATE></VERTEX>
  <VERTEX id="105" type="0"><COORDINATE>0 2 6</COORDINATE></VERTEX>
  <VERTEX id="106" type="0"><COORDINATE>1 2 6</COORDINATE></VERTEX>
  <VERTEX id="107" type="0"><COORDINATE>2 2 6</COORDINATE></VERTEX>
  <VERTEX id="108" type="0"><COORDINATE>3 2 6</COORDINATE></VERTEX>
  <VERTEX id="109" type="0"><COORDINATE>0 3 6</COORDINATE></VERTEX>
  <VERTEX id="110" type="0"><COORDINATE>1 3 6</COORDINATE></VERTEX>
  <VERTEX id="111" type="0"><COORDINATE>2 3 6</COORDINATE></VERTEX>
  <VERTEX id="112" type="0"><COORDINATE>3 3 6</COORDINATE></VERTEX>
  <VERTEX id="113" type="0"><COORDINATE>0 0 7</COORDINATE></VERTEX>
  <VERTEX id="114" type="0"><COORDINATE>1 0 7</COORDINATE></VERTEX>
  <VERTEX id="115" type="0"><COORDINATE>2 0 7</COORDINATE></VERTEX>
  <VERTEX id="116" type="0"><COORDINATE>3 0 7</COORDINATE></VERTEX>
  <VERTEX id="117" type="0"><COORDINATE>0 1 7</COORDINATE></VERTEX>
  <VERTEX id="118" type="0"><COORDINATE>1 1 7</COORDINATE></VERTEX>
  <VERTEX id="119" type="0"><COORDINATE>2 1 7</COORDINATE></VERTEX>
  <VERTEX id="120" type="0"><COORDINATE>3 1 7</COORDINATE></VERTEX>
  <VERTEX id="121" type="0"><COORDINATE>0 2 7</COORDINATE></VERTEX>
  <VERTEX id="122" type="0"><COORDINATE>1 2 7</COORDINATE></VERTEX>
  <VERTEX id="123" type="0"><COORDINATE>2 2 7</COORDINATE></VERTEX>
  <VERTEX id="124" type="0"><COORDINATE>3 2 7</COORDINATE></VERTEX>
  <VERTEX id="125" type="0"><COORDINATE>0 3 7</COORDINATE></VERTEX>
  <VERTEX id="126" type="0"><COORDINATE>1 3 7</COORDINATE></VERTEX>
  <VERTEX id="127" type="0"><COORDINATE>2 3 7</COORDINATE></VERTEX>
  <VERTEX id="128" type="0"><COORDINATE>3 3 7</COORDINATE></VERTEX>
  <EDGE source="1" target="2" id="1" type="0"/>
  <EDGE source="1" target="5" id="2" type="1"/>
  <EDGE source="1" target="17" id="3" type="2"/>
  <EDGE source="2" target="3" id="4" type="0"/>
  <EDGE source="2" target="6" id="5" type="1"/>
  <EDGE source="2" target="18" id="6" type="2"/>
  <EDGE source="3" target="4" id="7" type="0"/>
  <EDGE source="3" target="7" id="8" type="1"/>
  <EDGE source="3" target="19" id="9" type="2"/>
  <EDGE source="4" target="1" id="10" type="0"/>
  <EDGE source="4" target="8" id="11" type="1"/>
  <EDGE source="4" target="20" id="12" type="2"/>
  <EDGE source="5" target="6" id="13" type="0"/>
  <EDGE source="5" target="9" id="14" type="1"/>
  <EDGE source="5" target="21" id="15" type="2"/>
  <EDGE source="6" target="7" id="16" type="0"/>
  <EDGE source="6" target="10" id="17" type="1"/>
  <EDGE source="6" target="22" id="18" type="2"/>
  <EDGE source="7" target="8" id="19" type="0"/>
  <EDGE source="7" target="11" id="20" type="1"/>
  <EDGE source="7" target="23" id="21" type="2"/>
  <EDGE source="8" target="5" id="22" type="0"/>
  <EDGE source="8" target="12" id="23" type="1"/>
  <EDGE source="8" target="24" id="24" type="2"/>
  <EDGE source="9" target="10" id="25" type="0"/>
  <EDGE source="9" target="13" id="26" type="1"/>
  <EDGE source="9" target="25" id="27" type="2"/>
  <EDGE source="10" target="11" id="28" type="0"/>
  <EDGE source="10" target="14" id="29" type="1"/>
  <EDGE source="10" target="26" id="30" type="2"/>
  <EDGE source="11" target="12" id="31" type="0"/>
  <EDGE source="11" target="15" id="32" type="1"/>
  <EDGE source="11" target="27" id="33" type="2"/>
  <EDGE source="12" target="9" id="34" type="0"/>
  <EDGE source="12" target="16" id="35" type="1"/>
  <EDGE source="12" target="28" id="36" type="2"/>
  <EDGE source="13" target="14" id="37" type="0"/>
  <EDGE source="13" target="1" id="38" type="1"/>
  <EDGE source="13" target="29" id="39" type="2"/>
  <EDGE source="14" target="15" id="40" type="0"/>
  <EDGE source="14" target="2" id="41" type="1"/>
  <EDGE source="14" target="30" id="42" type="2"/>
  <EDGE source="15" target="16" id="43" type="0"/>
  <EDGE source="15" target="3" id="44" type="1"/>
  <EDGE source="15" target="31" id="45" type="2"/>
  <EDGE source="16" target="13" id="46" type="0"/>
  <EDGE source="16" target="4" id="47" type="1"/>
  <EDGE source="16" target="32" id="48" type="2"/>
  <EDGE source="17" target="18" id="49" type="0"/>
  <EDGE source="17" target="21" id="50" type="1"/>
  <EDGE source="17" target="33" id="51" type="2"/>
  <EDGE source="18" target="19" id="52" type="0"/>
  <EDGE source="18" target="22" id="53" type="1"/>
  <EDGE source="18" target="34" id="54" type="2"/>
  <EDGE source="19" target="20" id="55" type="0"/>
  <EDGE source="19" target="23" id="56" type="1"/>
  <EDGE source="19" target="35" id="57" type="2"/>
  <EDGE source="20" target="17" id="58" type="0"/>
  <EDGE source="20" target="24" id="59" type="1"/>
  <EDGE source="20" target="36" id="60" type="2"/>
  <EDGE source="21" target="22" id="61" type="0"/>
  <EDGE source="21" target="25" id="62" type="1"/>
  <EDGE source="21" target="37" id="63" type="2"/>
  <EDGE source="22" target="23" id="64" type="0"/>
  <EDGE source="22" target="26" id="65" type="1"/>
  <EDGE source="22" target="38" id="66" type="2"/>
  <EDGE source="23" target="24" id="67" type="0"/>
  <EDGE source="23" target="27" id="68" type="1"/>
  <EDGE source="23" target="39" id="69" type="2"/>
  <EDGE source="24" target="21" id="70" type="0"/>
  <EDGE source="24" target="28" id="71" type="1"/>
  <EDGE source="24" target="40" id="72" type="2"/>
  <EDGE source="25" target="26" id="73" type="0"/>
  <EDGE source="25" target="29" id="74" type="1"/>
  <EDGE source="25" target="41" id="75" type="2"/>
  <EDGE source="26" target="27" id="76" type="0"/>
  <EDGE source="26" target="30" id="77" type="1"/>
  <EDGE source="26" target="42" id="78" type="2"/>
  <EDGE source="27" target="28" id="79" type="0"/>
  <EDGE source="27" target="31" id="80" type="1"/>
  <EDGE source="27" target="43" id="81" type="2"/>
  <EDGE source="28" target="25" id="82" type="0"/>
  <EDGE source="28" target="32" id="83" type="1"/>
  <EDGE source="28" target="44" id="84" type="2"/>
  <EDGE source="29" target="30" id="85" type="0"/>
  <EDGE source="29" target="17" id="86" type="1"/>
  <EDGE source="29" target="45" id="87" type="2"/>
  <EDGE source="30" target="31" id="88" type="0"/>
  <EDGE source="30" target="18" id="89" type="1"/>
  <EDGE source="30" target="46" id="90" type="2"/>
  <EDGE source="31" target="32" id="91" type="0"/>
  <EDGE source="31" target="19" id="92" type="1"/>
  <EDGE source="31" target="47" id="93" type="2"/>
  <EDGE source="32" target="29" id="94" type="0"/>
  <EDGE source="32" target="20" id="95" type="1"/>
  <EDGE source="32" target="48" id="96" type="2"/>
  <EDGE source="33" target="34" id="97" type="0"/>
  <EDGE source="33" target="37" id="98" type="1"/>
  <EDGE source="33" target="49" id="99" type="2"/>
  <EDGE source="34" target="35" id="100" type="0"/>
  <EDGE source="34" target="38" id="101" type="1"/>
  <EDGE source="34" target="50" id="102" type="2"/>
  <EDGE source="35" target="36" id="103" type="0"/>
  <EDGE source="35" target="39" id="104" type="1"/>
  <EDGE source="35" target="51" id="105" type="2"/>
  <EDGE source="36" target="33" id="106" type="0"/>
  <EDGE source="36" target="40" id="107" type="1"/>
  <EDGE source="36" target="52" id="108" type="2"/>
  <EDGE source="37" target="38" id="109" type="0"/>
  <EDGE source="37" target="41" id="110" type="1"/>
  <EDGE source="37" target="53" id="111" type="2"/>
  <EDGE source="38" target="39" id="112" type="0"/>
  <EDGE source="38" target="42" id="113" type="1"/>
  <EDGE source="38" target="54" id="114" type="2"/>
  <EDGE source="39" target="40" id="115" type="0"/>
  <EDGE source="39" target="43" id="116" type="1"/>
  <EDGE source="39" target="55" id="117" type="2"/>
  <EDGE source="40" target="37" id="118" type="0"/>
  <EDGE source="40" target="44" id="119" type="1"/>
  <EDGE source="40" target="56" id="120" type="2"/>
  <EDGE source="41" target="42" id="121" type="0"/>
  <EDGE source="41" target="45" id="122" type="1"/>
  <EDGE source="41" target="57" id="123" type="2"/>
  <EDGE source="42" target="43" id="124" type="0"/>
  <EDGE source="42" target="46" id="125" type="1"/>
  <EDGE source="42" target="58" id="126" type="2"/>
  <EDGE source="43" target="44" id="127" type="0"/>
  <EDGE source="43" target="47" id="128" type="1"/>
  <EDGE source="43" target="59" id="129" type="2"/>
  <EDGE source="44" target="41" id="130" type="0"/>
  <EDGE source="44" target="48" id="131" type="1"/>
  <EDGE source="44" target="60" id="132" type="2"/>
  <EDGE source="45" target="46" id="133" type="0"/>
  <EDGE source="45" target="33" id="134" type="1"/>
  <EDGE source="45" target="61" id="135" type="2"/>
  <EDGE source="46" target="47" id="136" type="0"/>
  <EDGE source="46" target="34" id="137" type="1"/>
  <EDGE source="46" target="62" id="138" type="2"/>
  <EDGE source="47" target="48" id="139" type="0"/>
  <EDGE source="47" target="35" id="140" type="1"/>
  <EDGE source="47" target="63" id="141" type="2"/>
  <EDGE source="48" target="45" id="142" type="0"/>
  <EDGE source="48" target="36" id="143" type="1"/>
  <EDGE source="48" target="64" id="144" type="2"/>
  <EDGE source="49" target="50" id="145" type="0"/>
  <EDGE source="49" target="53" id="146" type="1"/>
  <EDGE source="49" target="65" id="147" type="2"/>
  <EDGE source="50" target="51" id="148" type="0"/>
  <EDGE source="50" target="54" id="149" type="1"/>
  <EDGE source="50" target="66" id="150" type="2"/>
  <EDGE source="51" target="52" id="151" type="0"/>
  <EDGE source="51" target="55" id="152" type="1"/>
  <EDGE source="51" target="67" id="153" type="2"/>
  <EDGE source="52" target="49" id="154" type="0"/>
  <EDGE source="52" target="56" id="155" type="1"/>
  <EDGE source="52" target="68" id="156" type="2"/>
  <EDGE source="53" target="54" id="157" type="0"/>
  <EDGE source="53" target="57" id="158" type="1"/>
  <EDGE source="53" target="69" id="159" type="2"/>
  <EDGE source="54" target="55" id="160" type="0"/>
  <EDGE source="54" target="58" id="161" type="1"/>
  <EDGE source="54" target="70" id="162" type="2"/>
  <EDGE source="55" target="56" id="163" type="0"/>
  <EDGE source="55" target="59" id="164" type="1"/>
  <EDGE source="55" target="71" id="165" type="2"/>
  <EDGE source="56" target="53" id="166" type="0"/>
  <EDGE source="56" target="60" id="167" type="1"/>
  <EDGE source="56" target="72" id="168" type="2"/>
  <EDGE source="57" target="58" id="169" type="0"/>
  <EDGE source="57" target="61" id="170" type="1"/>
  <EDGE source="57" target="73" id="171" type="2"/>
  <EDGE source="58" target="59" id="172" type="0"/>
  <EDGE source="58" target="62" id="173" type="1"/>
  <EDGE source="58" target="74" id="174" type="2"/>
  <EDGE source="59" target="60" id="175" type="0"/>
  <EDGE source="59" target="63" id="176" type="1"/>
  <EDGE source="59" target="75" id="177" type="2"/>
  <EDGE source="60" target="57" id="178" type="0"/>
  <EDGE source="60" target="64" id="179" type="1"/>
  <EDGE source="60" target="76" id="180" type="2"/>
  <EDGE source="61" target="62" id="181" type="0"/>
  <EDGE source="61" target="49" id="182" type="1"/>
  <EDGE source="61" target="77" id="183" type="2"/>
  <EDGE source="62" target="63" id="184" type="0"/>
  <EDGE source="62" target="50" id="185" type="1"/>
  <EDGE source="62" target="78" id="186" type="2"/>
  <EDGE source="63" target="64" id="187" type="0"/>
  <EDGE source="63" target="51" id="188" type="1"/>
  <EDGE source="63" target="79" id="189" type="2"/>
  <EDGE source="64" target="61" id="190" type="0"/>
  <EDGE source="64" target="52" id="191" type="1"/>
  <EDGE source="64" target="80" id="192" type="2"/>
  <EDGE source="65" target="66" id="193" type="0"/>
  <EDGE source="65" target="69" id="194" type="1"/>
  <EDGE source="65" target="81" id="195" type="2"/>
  <EDGE source="66" target="67" id="196" type="0"/>
  <EDGE source="66" target="70" id="197" type="1"/>
  <EDGE source="66" target="82" id="198" type="2"/>
  <EDGE source="67" target="68" id="199" type="0"/>
  <EDGE source="67" target="71" id="200" type="1"/>
  <EDGE source="67" target="83" id="201" type="2"/>
  <EDGE source="68" target="65" id="202" type="0"/>
  <EDGE source="68" target="72" id="203" type="1"/>
  <EDGE source="68" target="84" id="204" type="2"/>
  <EDGE source="69" target="70" id="205" type="0"/>
  <EDGE source="69" target="73" id="206" type="1"/>
  <EDGE source="69" target="85" id="207" type="2"/>
  <EDGE source="70" target="71" id="208" type="0"/>
  <EDGE source="70" target="74" id="209" type="1"/>
  <EDGE source="70" target="86" id="210" type="2"/>
  <EDGE source="71" target="72" id="211" type="0"/>
  <EDGE source="71" target="75" id="212" type="1"/>
  <EDGE source="71" target="87" id="213" type="2"/>
  <EDGE source="72" target="69" id="214" type="0"/>
  <EDGE source="72" target="76" id="215" type="1"/>
  <EDGE source="72" target="88" id="216" type="2"/>
  <EDGE source="73" target="74" id="217" type="0"/>
  <EDGE source="73" target="77" id="218" type="1"/>
  <EDGE source="73" target="89" id="219" type="2"/>
  <EDGE source="74" target="75" id="220" type="0"/>
  <EDGE source="74" target="78" id="221" type="1"/>
  <EDGE source="74" target="90" id="222" type="2"/>
  <EDGE source="75" target="76" id="223" type="0"/>
  <EDGE source="75" target="79" id="224" type="1"/>
  <EDGE source="75" target="91" id="225" type="2"/>
  <EDGE source="76" target="73" id="226" type="0"/>
  <EDGE source="76" target="80" id="227" type="1"/>
  <EDGE source="76" target="92" id="228" type="2"/>
  <EDGE source="77" target="78" id="229" type="0"/>
  <EDGE source="77" target="65" id="230" type="1"/>
  <EDGE source="77" target="93" id="231" type="2"/>
  <EDGE source="78" target="79" id="232" type="0"/>
  <EDGE source="78" target="66" id="233" type="1"/>
  <EDGE source="78" target="94" id="234" type="2"/>
  <EDGE source="79" target="80" id="235" type="0"/>
  <EDGE source="79" target="67" id="236" type="1"/>
  <EDGE source="79" target="95" id="237" type="2"/>
  <EDGE source="80" target="77" id="238" type="0"/>
  <EDGE source="80" target="68" id="239" type="1"/>
  <EDGE source="80" target="96" id="240" type="2"/>
  <EDGE source="81" target="82" id="241" type="0"/>
  <EDGE source="81" target="85" id="242" type="1"/>
  <EDGE source="81" target="97" id="243" type="2"/>
  <EDGE source="82" target="83" id="244" type="0"/>
  <EDGE source="82" target="86" id="245" type="1"/>
  <EDGE source="82" target="98" id="246" type="2"/>
  <EDGE source="83" target="84" id="247" type="0"/>
  <EDGE source="83" target="87" id="248" type="1"/>
  <EDGE source="83" target="99" id="249" type="2"/>
  <EDGE source="84" target="81" id="250" type="0"/>
  <EDGE source="84" target="88" id="251" type="1"/>
  <EDGE source="84" target="100" id="252" type="2"/>
  <EDGE source="85" target="86" id="253" type="0"/>
  <EDGE source="85" target="89" id="254" type="1"/>
  <EDGE source="85" target="101" id="255" type="2"/>
  <EDGE source="86" target="87" id="256" type="0"/>
  <EDGE source="86" target="90" id="257" type="1"/>
  <EDGE source="86" target="102" id="258" type="2"/>
  <EDGE source="87" target="88" id="259" type="0"/>
  <EDGE source="87" target="91" id="260" type="1"/>
  <EDGE source="87" target="103" id="261" type="2"/>
  <EDGE source="88" target="85" id="262" type="0"/>
  <EDGE source="88" target="92" id="263" type="1"/>
  <EDGE source="88" target="104" id="264" type="2"/>
  <EDGE source="89" target="90" id="265" type="0"/>
  <EDGE source="89" target="93" id="266" type="1"/>
  <EDGE source="89" target="105" id="267" type="2"/>
  <EDGE source="90" target="91" id="268" type="0"/>
  <EDGE source="90" target="94" id="269" type="1"/>
  <EDGE source="90" target="106" id="270" type="2"/>
  <EDGE source="91" target="92" id="271" type="0"/>
  <EDGE source="91" target="95" id="272" type="1"/>
  <EDGE source="91" target="107" id="273" type="2"/>
  <EDGE source="92" target="89" id="274" type="0"/>
  <EDGE source="92" target="96" id="275" type="1"/>
  <EDGE source="92" target="108" id="276" type="2"/>
  <EDGE source="93" target="94" id="277" type="0"/>
  <EDGE source="93" target="81" id="278" type="1"/>
  <EDGE source="93" target="109" id="279" type="2"/>
  <EDGE source="94" target="95" id="280" type="0"/>
  <EDGE source="94" target="82" id="281" type="1"/>
  <EDGE source="94" target="110" id="282" type="2"/>
  <EDGE source="95" target="96" id="283" type="0"/>
  <EDGE source="95" target="83" id="284" type="1"/>
  <EDGE source="95" target="111" id="285" type="2"/>
  <EDGE source="96" target="93" id="286" type="0"/>
  <EDGE source="96" target="84" id="287" type="1"/>
  <EDGE source="96" target="112" id="288" type="2"/>
  <EDGE source="97" target="98" id="289" type="0"/>
  <EDGE source="97" target="101" id="290" type="1"/>
  <EDGE source="97" target="113" id="291" type="2"/>
  <EDGE source="98" target="99" id="292" type="0"/>
  <EDGE source="98" target="102" id="293" type="1"/>
  <EDGE source="98" target="114" id="294" type="2"/>
  <EDGE source="99" target="100" id="295" type="0"/>
  <EDGE source="99" target="103" id="296" type="1"/>
  <EDGE source="99" target="115" id="297" type="2"/>
  <EDGE source="100" target="97" id="298" type="0"/>
  <EDGE source="100" target="104" id="299" type="1"/>
  <EDGE source="100" target="116" id="300" type="2"/>
  <EDGE source="101" target="102" id="301" type="0"/>
  <EDGE source="101" target="105" id="302" type="1"/>
  <EDGE source="101" target="117" id="303" type="2"/>
  <EDGE source="102" target="103" id="304" type="0"/>
  <EDGE source="102" target="106" id="305" type="1"/>
  <EDGE source="102" target="118" id="306" type="2"/>
  <EDGE source="103" target="104" id="307" type="0"/>
  <EDGE source="103" target="107" id="308" type="1"/>
  <EDGE source="103" target="119" id="309" type="2"/>
  <EDGE source="104" target="101" id="310" type="0"/>
  <EDGE source="104" target="108" id="311" type="1"/>
  <EDGE source="104" target="120" id="312" type="2"/>
  <EDGE source="105" target="106" id="313" type="0"/>
  <EDGE source="105" target="109" id="314" type="1"/>
  <EDGE source="105" target="121" id="315" type="2"/>
  <EDGE source="106" target="107" id="316" type="0"/>
  <EDGE source="106" target="110" id="317" type="1"/>
  <EDGE source="106" target="122" id="318" type="2"/>
  <EDGE source="107" target="108" id="319" type="0"/>
  <EDGE source="107" target="111" id="320" type="1"/>
  <EDGE source="107" target="123" id="321" type="2"/>
  <EDGE source="108" target="105" id="322" type="0"/>
  <EDGE source="108" target="112" id="323" type="1"/>
  <EDGE source="108" target="124" id="324" type="2"/>
  <EDGE source="109" target="110" id="325" type="0"/>
  <EDGE source="109" target="97" id="326" type="1"/>
  <EDGE source="109" target="125" id="327" type="2"/>
  <EDGE source="110" target="111" id="328" type="0"/>
  <EDGE source="110" target="98" id="329" type="1"/>
  <EDGE source="110" target="126" id="330" type="2"/>
  <EDGE source="111" target="112" id="331" type="0"/>
  <EDGE source="111" target="99" id="332" type="1"/>
  <EDGE source="111" target="127" id="333" type="2"/>
  <EDGE source="112" target="109" id="334" type="0"/>
  <EDGE source="112" target="100" id="335" type="1"/>
  <EDGE source="112" target="128" id="336" type="2"/>
  <EDGE source="113" target="114" id="337" type="0"/>
  <EDGE source="113" target="117" id="338" type="1"/>
  <EDGE source="113" target="1" id="339" type="2"/>
  <EDGE source="114" target="115" id="340" type="0"/>
  <EDGE source="114" target="118" id="341" type="1"/>
  <EDGE source="114" target="2" id="342" type="2"/>
  <EDGE source="115" target="116" id="343" type="0"/>
  <EDGE source="115" target="119" id="344" type="1"/>
  <EDGE source="115" target="3" id="345" type="2"/>
  <EDGE source="116" target="113" id="346" type="0"/>
  <EDGE source="116" target="120" id="347" type="1"/>
  <EDGE source="116" target="4" id="348" type="2"/>
  <EDGE source="117" target="118" id="349" type="0"/>
  <EDGE source="117" target="121" id="350" type="1"/>
  <EDGE source="117" target="5" id="351" type="2"/>
  <EDGE source="118" target="119" id="352" type="0"/>
  <EDGE source="118" target="122" id="353" type="1"/>
  <EDGE source="118" target="6" id="354" type="2"/>
  <EDGE source="119" target="120" id="355" type="0"/>
  <EDGE source="119" target="123" id="356" type="1"/>
  <EDGE source="119" target="7" id="357" type="2"/>
  <EDGE source="120" target="117" id="358" type="0"/>
  <EDGE source="120" target="124" id="359" type="1"/>
  <EDGE source="120" target="8" id="360" type="2"/>
  <EDGE source="121" target="122" id="361" type="0"/>
  <EDGE source="121" target="125" id="362" type="1"/>
  <EDGE source="121" target="9" id="363" type="2"/>
  <EDGE source="122" target="123" id="364" type="0"/>
  <EDGE source="122" target="126" id="365" type="1"/>
  <EDGE source="122" target="10" id="366" type="2"/>
  <EDGE source="123" target="124" id="367" type="0"/>
  <EDGE source="123" target="127" id="368" type="1"/>
  <EDGE source="123" target="11" id="369" type="2"/>
  <EDGE source="124" target="121" id="370" type="0"/>
  <EDGE source="124" target="128" id="371" type="1"/>
  <EDGE source="124" target="12" id="372" type="2"/>
  <EDGE source="125" target="126" id="373" type="0"/>
  <EDGE source="125" target="113" id="374" type="1"/>
  <EDGE source="125" target="13" id="375" type="2"/>
  <EDGE source="126" target="127" id="376" type="0"/>
  <EDGE source="126" target="114" id="377" type="1"/>
  <EDGE source="126" target="14" id="378" type="2"/>
  <EDGE source="127" target="128" id="379" type="0"/>
  <EDGE source="127" target="115" id="380" type="1"/>
  <EDGE source="127" target="15" id="381" type="2"/>
  <EDGE source="128" target="125" id="382" type="0"/>
  <EDGE source="128" target="116" id="383" type="1"/>
  <EDGE source="128" target="16" id="384" type="2"/>
</GRAPH>
